<?xml version="1.0" encoding="UTF-8"?>
<!-- Generated by org.testng.reporters.JUnitReportReporter -->
<testsuite hostname="vasu-PC" name="com.vasu.testng.AddEmp" tests="1" failures="0" timestamp="8 Jul 2019 01:27:35 GMT" time="6.579" errors="0">
  <testcase name="empAdd" time="6.579" classname="com.vasu.testng.AddEmp"/>
</testsuite> <!-- com.vasu.testng.AddEmp -->
