<?xml version="1.0" encoding="UTF-8"?>
<!-- Generated by org.testng.reporters.JUnitReportReporter -->
<testsuite hostname="vasu-PC" name="com.vasu.testng.FirstTestNgTest" tests="2" failures="0" timestamp="4 Jul 2019 01:28:14 GMT" time="0.022" errors="0">
  <testcase name="appLogin" time="0.017" classname="com.vasu.testng.FirstTestNgTest"/>
  <testcase name="appClose" time="0.005" classname="com.vasu.testng.FirstTestNgTest"/>
</testsuite> <!-- com.vasu.testng.FirstTestNgTest -->
