<?xml version="1.0" encoding="UTF-8"?>
<!-- Generated by org.testng.reporters.JUnitReportReporter -->
<testsuite hostname="vasu-PC" name="com.vasu.testng.AdminLoginTest" tests="1" failures="0" timestamp="4 Jul 2019 01:28:14 GMT" time="13.408" errors="0">
  <testcase name="adminLogin" time="13.408" classname="com.vasu.testng.AdminLoginTest"/>
</testsuite> <!-- com.vasu.testng.AdminLoginTest -->
