<?xml version="1.0" encoding="UTF-8"?>
<!-- Generated by org.testng.reporters.JUnitReportReporter -->
<testsuite hostname="vasu-PC" name="com.vasu.testng.BeforeAndAfter" tests="1" failures="0" timestamp="4 Jul 2019 01:28:14 GMT" time="2.349" errors="0">
  <testcase name="appLogin" time="2.349" classname="com.vasu.testng.BeforeAndAfter"/>
</testsuite> <!-- com.vasu.testng.BeforeAndAfter -->
